Using pre-set license
Built from '6000.0/release' branch; Version is '6000.0.45f1 (d91bd3d4e081) revision 14228435'; Using compiler version '193933523'; Build Type 'Release'
OS: 'Windows 11  (10.0.26100) 64bit Core' Language: 'ko' Physical Memory: 16066 MB
BatchMode: 1, IsHumanControllingUs: 0, StartBugReporterOnCrash: 0, Is64bit: 1, IsPro: 1

COMMAND LINE ARGUMENTS:
C:\Program Files\Unity\Hub\Editor\6000.0.45f1\Editor\Unity.exe
-adb2
-batchMode
-noUpm
-name
AssetImportWorker4
-projectPath
C:/Users/youyo/Nature Snap
-logFile
Logs/AssetImportWorker4.log
-srvPort
65053
-job-worker-count
7
-background-job-worker-count
8
-gc-helper-count
1
Successfully changed project path to: C:/Users/youyo/Nature Snap
C:/Users/youyo/Nature Snap
[UnityMemory] Configuration Parameters - Can be set up in boot.config
    "memorysetup-bucket-allocator-granularity=16"
    "memorysetup-bucket-allocator-bucket-count=8"
    "memorysetup-bucket-allocator-block-size=33554432"
    "memorysetup-bucket-allocator-block-count=8"
    "memorysetup-main-allocator-block-size=16777216"
    "memorysetup-thread-allocator-block-size=16777216"
    "memorysetup-gfx-main-allocator-block-size=16777216"
    "memorysetup-gfx-thread-allocator-block-size=16777216"
    "memorysetup-cache-allocator-block-size=4194304"
    "memorysetup-typetree-allocator-block-size=2097152"
    "memorysetup-profiler-bucket-allocator-granularity=16"
    "memorysetup-profiler-bucket-allocator-bucket-count=8"
    "memorysetup-profiler-bucket-allocator-block-size=33554432"
    "memorysetup-profiler-bucket-allocator-block-count=8"
    "memorysetup-profiler-allocator-block-size=16777216"
    "memorysetup-profiler-editor-allocator-block-size=1048576"
    "memorysetup-temp-allocator-size-main=16777216"
    "memorysetup-job-temp-allocator-block-size=2097152"
    "memorysetup-job-temp-allocator-block-size-background=1048576"
    "memorysetup-job-temp-allocator-reduction-small-platforms=262144"
    "memorysetup-allocator-temp-initial-block-size-main=262144"
    "memorysetup-allocator-temp-initial-block-size-worker=262144"
    "memorysetup-temp-allocator-size-background-worker=32768"
    "memorysetup-temp-allocator-size-job-worker=262144"
    "memorysetup-temp-allocator-size-preload-manager=33554432"
    "memorysetup-temp-allocator-size-nav-mesh-worker=65536"
    "memorysetup-temp-allocator-size-audio-worker=65536"
    "memorysetup-temp-allocator-size-cloud-worker=32768"
    "memorysetup-temp-allocator-size-gi-baking-worker=262144"
    "memorysetup-temp-allocator-size-gi-baking-worker=262144"
    "memorysetup-temp-allocator-size-gi-baking-worker=262144"
    "memorysetup-temp-allocator-size-gi-baking-worker=262144"
    "memorysetup-temp-allocator-size-gi-baking-worker=262144"
    "memorysetup-temp-allocator-size-gfx=262144"
Player connection [23144]  Target information:

Player connection [23144]  * "[IP] 192.168.45.77 [Port] 0 [Flags] 2 [Guid] 1077491123 [EditorId] 1077491123 [Version] 1048832 [Id] WindowsEditor(7,yungongju) [Debug] 1 [PackageName] WindowsEditor [ProjectName] Editor" 

Player connection [23144] Host joined multi-casting on [225.0.0.222:54997]...
Player connection [23144] Host joined alternative multi-casting on [225.0.0.222:34997]...
JobSystem: Creating JobQueue using job-worker-count value 7
Input System module state changed to: Initialized.
[Physics::Module] Initialized fallback backend.
[Physics::Module] Id: 0xdecafbad
Library Redirect Path: Library/
[Physics::Module] Selected backend.
[Physics::Module] Name: PhysX
[Physics::Module] Id: 0xf2b8ea05
[Physics::Module] SDK Version: 4.1.2
[Physics::Module] Integration Version: 1.0.0
[Physics::Module] Threading Mode: Multi-Threaded
Refreshing native plugins compatible for Editor in 4.02 ms, found 3 plugins.
Preloading 0 native plugins for Editor in 0.00 ms.
Initialize engine version: 6000.0.45f1 (d91bd3d4e081)
[Subsystems] Discovering subsystems at path C:/Program Files/Unity/Hub/Editor/6000.0.45f1/Editor/Data/Resources/UnitySubsystems
[Subsystems] Discovering subsystems at path C:/Users/youyo/Nature Snap/Assets
GfxDevice: creating device client; kGfxThreadingModeNonThreaded
Direct3D:
    Version:  Direct3D 11.0 [level 11.1]
    Renderer: Intel(R) Iris(R) Xe Graphics (ID=0xa7a0)
    Vendor:   Intel
    VRAM:     8033 MB
    Driver:   31.0.101.3688
Initialize mono
Mono path[0] = 'C:/Program Files/Unity/Hub/Editor/6000.0.45f1/Editor/Data/Managed'
Mono path[1] = 'C:/Program Files/Unity/Hub/Editor/6000.0.45f1/Editor/Data/MonoBleedingEdge/lib/mono/unityjit-win32'
Mono config path = 'C:/Program Files/Unity/Hub/Editor/6000.0.45f1/Editor/Data/MonoBleedingEdge/etc'
Using monoOptions --debugger-agent=transport=dt_socket,embedding=1,server=y,suspend=n,address=127.0.0.1:56900
Begin MonoManager ReloadAssembly
Registering precompiled unity dll's ...
Register platform support module: C:/Program Files/Unity/Hub/Editor/6000.0.45f1/Editor/Data/PlaybackEngines/WindowsStandaloneSupport/UnityEditor.WindowsStandalone.Extensions.dll
Registered in 0.006450 seconds.
- Loaded All Assemblies, in  0.591 seconds
Native extension for WindowsStandalone target not found
Mono: successfully reloaded assembly
- Finished resetting the current domain, in  0.615 seconds
Domain Reload Profiling: 1204ms
	BeginReloadAssembly (167ms)
		ExecutionOrderSort (0ms)
		DisableScriptedObjects (0ms)
		BackupInstance (0ms)
		ReleaseScriptingObjects (0ms)
		CreateAndSetChildDomain (1ms)
	RebuildCommonClasses (61ms)
	RebuildNativeTypeToScriptingClass (17ms)
	initialDomainReloadingComplete (83ms)
	LoadAllAssembliesAndSetupDomain (259ms)
		LoadAssemblies (163ms)
		RebuildTransferFunctionScriptingTraits (0ms)
		AnalyzeDomain (254ms)
			TypeCache.Refresh (252ms)
				TypeCache.ScanAssembly (228ms)
			BuildScriptInfoCaches (0ms)
			ResolveRequiredComponents (1ms)
	FinalizeReload (616ms)
		ReleaseScriptCaches (0ms)
		RebuildScriptCaches (0ms)
		SetupLoadedEditorAssemblies (529ms)
			LogAssemblyErrors (0ms)
			InitializePlatformSupportModulesInManaged (49ms)
			SetLoadedEditorAssemblies (13ms)
			BeforeProcessingInitializeOnLoad (113ms)
			ProcessInitializeOnLoadAttributes (267ms)
			ProcessInitializeOnLoadMethodAttributes (87ms)
			AfterProcessingInitializeOnLoad (0ms)
			EditorAssembliesLoaded (0ms)
		ExecutionOrderSort2 (0ms)
		AwakeInstancesAfterBackupRestoration (0ms)
========================================================================
Worker process is ready to serve import requests
Import Worker Mode flag is 0x00
Begin MonoManager ReloadAssembly
- Loaded All Assemblies, in  1.282 seconds
Refreshing native plugins compatible for Editor in 1.86 ms, found 3 plugins.
Native extension for WindowsStandalone target not found
Mono: successfully reloaded assembly
- Finished resetting the current domain, in  0.985 seconds
Domain Reload Profiling: 2259ms
	BeginReloadAssembly (305ms)
		ExecutionOrderSort (0ms)
		DisableScriptedObjects (12ms)
		BackupInstance (0ms)
		ReleaseScriptingObjects (0ms)
		CreateAndSetChildDomain (55ms)
	RebuildCommonClasses (76ms)
	RebuildNativeTypeToScriptingClass (33ms)
	initialDomainReloadingComplete (64ms)
	LoadAllAssembliesAndSetupDomain (795ms)
		LoadAssemblies (611ms)
		RebuildTransferFunctionScriptingTraits (0ms)
		AnalyzeDomain (343ms)
			TypeCache.Refresh (272ms)
				TypeCache.ScanAssembly (251ms)
			BuildScriptInfoCaches (54ms)
			ResolveRequiredComponents (11ms)
	FinalizeReload (986ms)
		ReleaseScriptCaches (0ms)
		RebuildScriptCaches (0ms)
		SetupLoadedEditorAssemblies (759ms)
			LogAssemblyErrors (0ms)
			InitializePlatformSupportModulesInManaged (5ms)
			SetLoadedEditorAssemblies (11ms)
			BeforeProcessingInitializeOnLoad (137ms)
			ProcessInitializeOnLoadAttributes (545ms)
			ProcessInitializeOnLoadMethodAttributes (51ms)
			AfterProcessingInitializeOnLoad (8ms)
			EditorAssembliesLoaded (0ms)
		ExecutionOrderSort2 (0ms)
		AwakeInstancesAfterBackupRestoration (10ms)
Launched and connected shader compiler UnityShaderCompiler.exe after 0.05 seconds
Refreshing native plugins compatible for Editor in 1.93 ms, found 3 plugins.
Preloading 0 native plugins for Editor in 0.00 ms.
Unloading 11 Unused Serialized files (Serialized files now loaded: 0)
Unloading 3705 unused Assets / (0.9 MB). Loaded Objects now: 4196.
Memory consumption went from 84.9 MB to 84.0 MB.
Total: 6.652800 ms (FindLiveObjects: 0.399700 ms CreateObjectMapping: 0.323900 ms MarkObjects: 4.890800 ms  DeleteObjects: 1.037600 ms)

========================================================================
Received Import Request.
  Time since last request: 78195.086131 seconds.
  path: Assets/Low Poly Water
  artifactKey: Guid(edaa73f9f0e439045845f42e53d185e2) Importer(815301076,1909f56bfc062723c751e8b465ee728b)
Start importing Assets/Low Poly Water using Guid(edaa73f9f0e439045845f42e53d185e2) Importer(815301076,1909f56bfc062723c751e8b465ee728b) (PreviewImporter) -> (artifact id: '0c6ecaffaf60b658f6921f60b06cccb2') in 0.0164427 seconds
Number of updated asset objects reloaded before import = 0Number of asset objects unloaded after import = 0

========================================================================
Received Import Request.
  Time since last request: 6.477394 seconds.
  path: Assets/Low Poly Water/Plane Meshes
  artifactKey: Guid(1e7b2f9b4f498374faefaa61939382bf) Importer(815301076,1909f56bfc062723c751e8b465ee728b)
Start importing Assets/Low Poly Water/Plane Meshes using Guid(1e7b2f9b4f498374faefaa61939382bf) Importer(815301076,1909f56bfc062723c751e8b465ee728b) (PreviewImporter) -> (artifact id: '2a245c9b12c025c067e8635ab27aab1b') in 0.0016677 seconds
Number of updated asset objects reloaded before import = 0Number of asset objects unloaded after import = 0

========================================================================
Received Import Request.
  Time since last request: 2.011519 seconds.
  path: Assets/Assets
  artifactKey: Guid(882610eeee1f9fe4e8dbf9eb4759a6b3) Importer(815301076,1909f56bfc062723c751e8b465ee728b)
Start importing Assets/Assets using Guid(882610eeee1f9fe4e8dbf9eb4759a6b3) Importer(815301076,1909f56bfc062723c751e8b465ee728b) (PreviewImporter) -> (artifact id: '42daf02d51bd214081f86a161148a130') in 0.001723 seconds
Number of updated asset objects reloaded before import = 0Number of asset objects unloaded after import = 0

========================================================================
Received Import Request.
  Time since last request: 1.261272 seconds.
  path: Assets/Assets/ToonTastic - Vegetation & Plants
  artifactKey: Guid(3245512a7095b7a49814aa79ea6ce206) Importer(815301076,1909f56bfc062723c751e8b465ee728b)
Start importing Assets/Assets/ToonTastic - Vegetation & Plants using Guid(3245512a7095b7a49814aa79ea6ce206) Importer(815301076,1909f56bfc062723c751e8b465ee728b) (PreviewImporter) -> (artifact id: 'b473a8f77b35b8edda3ad5be2682d10a') in 0.0014498 seconds
Number of updated asset objects reloaded before import = 0Number of asset objects unloaded after import = 0

========================================================================
Received Import Request.
  Time since last request: 2.120759 seconds.
  path: Assets/Assets/ToonTastic - Vegetation & Plants/Prefabs
  artifactKey: Guid(387c01e0f00dbbb45b5b3a683c821bbe) Importer(815301076,1909f56bfc062723c751e8b465ee728b)
Start importing Assets/Assets/ToonTastic - Vegetation & Plants/Prefabs using Guid(387c01e0f00dbbb45b5b3a683c821bbe) Importer(815301076,1909f56bfc062723c751e8b465ee728b) (PreviewImporter) -> (artifact id: '67238a5e01c3021e439ca8ae834b6602') in 0.0019147 seconds
Number of updated asset objects reloaded before import = 0Number of asset objects unloaded after import = 0

========================================================================
Received Import Request.
  Time since last request: 0.063569 seconds.
  path: Assets/Assets/ToonTastic - Vegetation & Plants/Prefabs/sunflower.prefab
  artifactKey: Guid(6b1899bfd265594449eff0f595aa1a7a) Importer(815301076,1909f56bfc062723c751e8b465ee728b)
Start importing Assets/Assets/ToonTastic - Vegetation & Plants/Prefabs/sunflower.prefab using Guid(6b1899bfd265594449eff0f595aa1a7a) Importer(815301076,1909f56bfc062723c751e8b465ee728b) (PreviewImporter) -> (artifact id: '89c94263810431527c3494b81ff08996') in 0.483317 seconds
Number of updated asset objects reloaded before import = 0Number of asset objects unloaded after import = 16

========================================================================
Received Import Request.
  Time since last request: 2.633197 seconds.
  path: Assets/Assets/ToonTastic - Vegetation & Plants/Prefabs/Bushes
  artifactKey: Guid(ea2290b03fde10f4683b6defa39fb5d1) Importer(815301076,1909f56bfc062723c751e8b465ee728b)
Start importing Assets/Assets/ToonTastic - Vegetation & Plants/Prefabs/Bushes using Guid(ea2290b03fde10f4683b6defa39fb5d1) Importer(815301076,1909f56bfc062723c751e8b465ee728b) (PreviewImporter) -> (artifact id: 'b14c4a1fee5b4070f3d5ec81a1cd2a4f') in 0.0017157 seconds
Number of updated asset objects reloaded before import = 0Number of asset objects unloaded after import = 0

========================================================================
Received Import Request.
  Time since last request: 0.061710 seconds.
  path: Assets/Assets/ToonTastic - Vegetation & Plants/Prefabs/Bushes/bush.prefab
  artifactKey: Guid(6cf45777d3d45e543a04f1b9228da534) Importer(815301076,1909f56bfc062723c751e8b465ee728b)
Start importing Assets/Assets/ToonTastic - Vegetation & Plants/Prefabs/Bushes/bush.prefab using Guid(6cf45777d3d45e543a04f1b9228da534) Importer(815301076,1909f56bfc062723c751e8b465ee728b) (PreviewImporter) -> (artifact id: 'f958ca3107d243e083494e76efd2277c') in 0.0580422 seconds
Number of updated asset objects reloaded before import = 0Number of asset objects unloaded after import = 9

========================================================================
Received Import Request.
  Time since last request: 26.363503 seconds.
  path: Assets/Assets/ToonTastic - Vegetation & Plants/Prefabs/Mushrooms
  artifactKey: Guid(1b6b2ea25b16d2040ba8c4e2c1a04cc0) Importer(815301076,1909f56bfc062723c751e8b465ee728b)
Start importing Assets/Assets/ToonTastic - Vegetation & Plants/Prefabs/Mushrooms using Guid(1b6b2ea25b16d2040ba8c4e2c1a04cc0) Importer(815301076,1909f56bfc062723c751e8b465ee728b) (PreviewImporter) -> (artifact id: '5612fb0ae5023b57d0c823b9b73735af') in 0.0024165 seconds
Number of updated asset objects reloaded before import = 0Number of asset objects unloaded after import = 0

========================================================================
Received Import Request.
  Time since last request: 0.448011 seconds.
  path: Assets/Assets/ToonTastic - Vegetation & Plants/Prefabs/Lilypad
  artifactKey: Guid(d3249616f78a27446969cac4ff8f52aa) Importer(815301076,1909f56bfc062723c751e8b465ee728b)
Start importing Assets/Assets/ToonTastic - Vegetation & Plants/Prefabs/Lilypad using Guid(d3249616f78a27446969cac4ff8f52aa) Importer(815301076,1909f56bfc062723c751e8b465ee728b) (PreviewImporter) -> (artifact id: '2f56077d170c33e0ee8d4052926f246f') in 0.0018375 seconds
Number of updated asset objects reloaded before import = 0Number of asset objects unloaded after import = 0

========================================================================
Received Import Request.
  Time since last request: 0.060690 seconds.
  path: Assets/Assets/ToonTastic - Vegetation & Plants/Prefabs/Lilypad/lilypad.prefab
  artifactKey: Guid(15c9d4fcb02ef224e88343b4b4d80543) Importer(815301076,1909f56bfc062723c751e8b465ee728b)
Start importing Assets/Assets/ToonTastic - Vegetation & Plants/Prefabs/Lilypad/lilypad.prefab using Guid(15c9d4fcb02ef224e88343b4b4d80543) Importer(815301076,1909f56bfc062723c751e8b465ee728b) (PreviewImporter) -> (artifact id: '5d3d122880508abf1253a94dee717ea6') in 0.3493047 seconds
Number of updated asset objects reloaded before import = 0Number of asset objects unloaded after import = 11

========================================================================
Received Import Request.
  Time since last request: 3.326830 seconds.
  path: Assets/Assets/ToonTastic - Vegetation & Plants/Prefabs/Reeds
  artifactKey: Guid(314c067f6334320439e340b88e11a199) Importer(815301076,1909f56bfc062723c751e8b465ee728b)
Start importing Assets/Assets/ToonTastic - Vegetation & Plants/Prefabs/Reeds using Guid(314c067f6334320439e340b88e11a199) Importer(815301076,1909f56bfc062723c751e8b465ee728b) (PreviewImporter) -> (artifact id: 'c588b2579f29cf3ce010e65a94b377cc') in 0.001717 seconds
Number of updated asset objects reloaded before import = 0Number of asset objects unloaded after import = 0

========================================================================
Received Import Request.
  Time since last request: 0.048488 seconds.
  path: Assets/Assets/ToonTastic - Vegetation & Plants/Prefabs/Reeds/reed_multiple.prefab
  artifactKey: Guid(970ff20b48a9a884298122e1919eefb2) Importer(815301076,1909f56bfc062723c751e8b465ee728b)
Start importing Assets/Assets/ToonTastic - Vegetation & Plants/Prefabs/Reeds/reed_multiple.prefab using Guid(970ff20b48a9a884298122e1919eefb2) Importer(815301076,1909f56bfc062723c751e8b465ee728b) (PreviewImporter) -> (artifact id: '89c0f64afcea35b1e03942329dfa5f75') in 0.071962 seconds
Number of updated asset objects reloaded before import = 0Number of asset objects unloaded after import = 9

========================================================================
Received Import Request.
  Time since last request: 1.971674 seconds.
  path: Assets/Assets/ToonTastic - Vegetation & Plants/Prefabs/Trees
  artifactKey: Guid(40e782924e6bc014db5851f6120636d5) Importer(815301076,1909f56bfc062723c751e8b465ee728b)
Start importing Assets/Assets/ToonTastic - Vegetation & Plants/Prefabs/Trees using Guid(40e782924e6bc014db5851f6120636d5) Importer(815301076,1909f56bfc062723c751e8b465ee728b) (PreviewImporter) -> (artifact id: '2952e401b63fbfd0182e7fab039a3a3f') in 0.0018076 seconds
Number of updated asset objects reloaded before import = 0Number of asset objects unloaded after import = 0

========================================================================
Received Import Request.
  Time since last request: 2.003945 seconds.
  path: Assets/Assets/ToonTastic - Vegetation & Plants/Prefabs/Trees/Pines
  artifactKey: Guid(97f08939ddb560949a45ddd81ce887b7) Importer(815301076,1909f56bfc062723c751e8b465ee728b)
Start importing Assets/Assets/ToonTastic - Vegetation & Plants/Prefabs/Trees/Pines using Guid(97f08939ddb560949a45ddd81ce887b7) Importer(815301076,1909f56bfc062723c751e8b465ee728b) (PreviewImporter) -> (artifact id: '0fd80a9c80bb195f0e9e983272ba45cf') in 0.0015847 seconds
Number of updated asset objects reloaded before import = 0Number of asset objects unloaded after import = 0

========================================================================
Received Import Request.
  Time since last request: 1.881077 seconds.
  path: Assets/Assets/ToonTastic - Vegetation & Plants/Prefabs/Trees/Pines/Orange
  artifactKey: Guid(d8aea2a8618f3a44eba5e341146b5819) Importer(815301076,1909f56bfc062723c751e8b465ee728b)
Start importing Assets/Assets/ToonTastic - Vegetation & Plants/Prefabs/Trees/Pines/Orange using Guid(d8aea2a8618f3a44eba5e341146b5819) Importer(815301076,1909f56bfc062723c751e8b465ee728b) (PreviewImporter) -> (artifact id: '3107b77313ea13d926a4dac1273c1e79') in 0.0021635 seconds
Number of updated asset objects reloaded before import = 0Number of asset objects unloaded after import = 0

========================================================================
Received Import Request.
  Time since last request: 0.067380 seconds.
  path: Assets/Assets/ToonTastic - Vegetation & Plants/Prefabs/Trees/Pines/Orange/tree_pine_long_orange.prefab
  artifactKey: Guid(bbee008c7403e5341a3ad19b77fea65c) Importer(815301076,1909f56bfc062723c751e8b465ee728b)
Start importing Assets/Assets/ToonTastic - Vegetation & Plants/Prefabs/Trees/Pines/Orange/tree_pine_long_orange.prefab using Guid(bbee008c7403e5341a3ad19b77fea65c) Importer(815301076,1909f56bfc062723c751e8b465ee728b) (PreviewImporter) -> (artifact id: 'bdb167885d99d8189b3b73efcacb7e20') in 0.0578544 seconds
Number of updated asset objects reloaded before import = 0Number of asset objects unloaded after import = 27

========================================================================
Received Import Request.
  Time since last request: 0.000033 seconds.
  path: Assets/Assets/ToonTastic - Vegetation & Plants/Prefabs/Trees/Pines/Orange/tree_pine_short_orange.prefab
  artifactKey: Guid(af4111f626a19c846a7b06a200bf3acf) Importer(815301076,1909f56bfc062723c751e8b465ee728b)
Start importing Assets/Assets/ToonTastic - Vegetation & Plants/Prefabs/Trees/Pines/Orange/tree_pine_short_orange.prefab using Guid(af4111f626a19c846a7b06a200bf3acf) Importer(815301076,1909f56bfc062723c751e8b465ee728b) (PreviewImporter) -> (artifact id: '20eb1220ec8de088c12588a9f5ab37df') in 0.0574899 seconds
Number of updated asset objects reloaded before import = 0Number of asset objects unloaded after import = 27

========================================================================
Received Import Request.
  Time since last request: 1.999802 seconds.
  path: Assets/Assets/ToonTastic - Vegetation & Plants/Prefabs/Trees/Pines/Green
  artifactKey: Guid(58257af3fbf40694b998497881844a9b) Importer(815301076,1909f56bfc062723c751e8b465ee728b)
Start importing Assets/Assets/ToonTastic - Vegetation & Plants/Prefabs/Trees/Pines/Green using Guid(58257af3fbf40694b998497881844a9b) Importer(815301076,1909f56bfc062723c751e8b465ee728b) (PreviewImporter) -> (artifact id: '61e9439bbf4c368bd09d904110b9551b') in 0.001601 seconds
Number of updated asset objects reloaded before import = 0Number of asset objects unloaded after import = 0

========================================================================
Received Import Request.
  Time since last request: 0.712680 seconds.
  path: Assets/Assets/ToonTastic - Vegetation & Plants/Prefabs/Trees/Pines/Green/tree_pine_long_green.prefab
  artifactKey: Guid(c18dc6081393df642a9484e0a8baab08) Importer(815301076,1909f56bfc062723c751e8b465ee728b)
Start importing Assets/Assets/ToonTastic - Vegetation & Plants/Prefabs/Trees/Pines/Green/tree_pine_long_green.prefab using Guid(c18dc6081393df642a9484e0a8baab08) Importer(815301076,1909f56bfc062723c751e8b465ee728b) (PreviewImporter) -> (artifact id: '3eda5548a39e8acf7be47c9e9988ecce') in 0.0556611 seconds
Number of updated asset objects reloaded before import = 0Number of asset objects unloaded after import = 15

========================================================================
Received Import Request.
  Time since last request: 0.000053 seconds.
  path: Assets/Assets/ToonTastic - Vegetation & Plants/Prefabs/Trees/Pines/Green/tree_pine_short.prefab
  artifactKey: Guid(50d1bdeeb3ba5454286e5af49106db16) Importer(815301076,1909f56bfc062723c751e8b465ee728b)
Start importing Assets/Assets/ToonTastic - Vegetation & Plants/Prefabs/Trees/Pines/Green/tree_pine_short.prefab using Guid(50d1bdeeb3ba5454286e5af49106db16) Importer(815301076,1909f56bfc062723c751e8b465ee728b) (PreviewImporter) -> (artifact id: 'a1e7fc5f6a5a764c1f3259a406732613') in 0.0406637 seconds
Number of updated asset objects reloaded before import = 0Number of asset objects unloaded after import = 15

